TN:
SF:src\db.ts
FNF:0
FNH:0
DA:7,3
DA:9,3
LF:2
LH:2
BRDA:7,0,0,3
BRDA:7,0,1,3
BRDA:9,1,0,2
BRDA:9,1,1,1
BRF:4
BRH:4
end_of_record
TN:
SF:src\middlewares\requireAuth.ts
FN:15,(anonymous_0)
FNF:1
FNH:1
FNDA:82,(anonymous_0)
DA:15,16
DA:20,82
DA:22,82
DA:24,82
DA:25,1
DA:29,81
DA:30,81
DA:31,1
DA:35,79
DA:40,79
DA:41,1
DA:45,78
DA:46,78
DA:48,1
DA:49,1
LF:15
LH:15
BRDA:24,0,0,1
BRDA:24,0,1,81
BRDA:30,1,0,1
BRDA:30,1,1,80
BRDA:30,2,0,81
BRDA:30,2,1,79
BRDA:40,3,0,1
BRDA:40,3,1,78
BRF:8
BRH:8
end_of_record
TN:
SF:src\middlewares\validateRequest.ts
FN:4,(anonymous_0)
FN:5,(anonymous_1)
FN:17,(anonymous_2)
FNF:3
FNH:3
FNDA:183,(anonymous_0)
FNDA:51,(anonymous_1)
FNDA:6,(anonymous_2)
DA:4,16
DA:5,183
DA:6,51
DA:7,51
DA:12,45
DA:14,6
DA:15,5
DA:17,6
DA:23,1
LF:9
LH:9
BRDA:14,0,0,5
BRDA:14,0,1,1
BRF:2
BRH:2
end_of_record
TN:
SF:src\routes\admin\auth.routes.ts
FN:13,(anonymous_0)
FN:78,(anonymous_1)
FN:90,(anonymous_2)
FNF:3
FNH:2
FNDA:5,(anonymous_0)
FNDA:1,(anonymous_1)
FNDA:0,(anonymous_2)
DA:7,15
DA:10,15
DA:14,5
DA:15,5
DA:18,5
DA:22,4
DA:23,1
DA:27,3
DA:32,3
DA:33,1
DA:37,2
DA:43,2
DA:46,2
DA:53,2
DA:62,1
DA:67,1
DA:78,15
DA:79,1
DA:85,1
DA:89,15
DA:90,15
DA:91,0
DA:92,0
DA:93,0
DA:106,0
DA:107,0
DA:119,0
DA:133,0
DA:134,0
LF:29
LH:21
BRDA:22,0,0,1
BRDA:22,0,1,3
BRDA:32,1,0,1
BRDA:32,1,1,2
BRDA:63,2,0,1
BRDA:63,2,1,0
BRDA:64,3,0,1
BRDA:64,3,1,0
BRDA:65,4,0,1
BRDA:65,4,1,0
BRDA:69,5,0,0
BRDA:69,5,1,1
BRDA:70,6,0,0
BRDA:70,6,1,0
BRDA:89,7,0,15
BRDA:89,7,1,0
BRDA:92,8,0,0
BRDA:92,8,1,0
BRDA:106,9,0,0
BRDA:106,9,1,0
BRDA:136,10,0,0
BRDA:136,10,1,0
BRF:22
BRH:9
end_of_record
TN:
SF:src\routes\admin\content.routes.ts
FN:15,(anonymous_0)
FNF:1
FNH:1
FNDA:11,(anonymous_0)
DA:12,15
DA:15,15
DA:16,11
LF:3
LH:3
BRDA:16,0,0,11
BRDA:16,0,1,1
BRDA:16,1,0,10
BRDA:16,1,1,1
BRF:4
BRH:4
end_of_record
TN:
SF:src\routes\admin\courses.routes.ts
FN:14,(anonymous_0)
FN:34,(anonymous_1)
FN:51,(anonymous_2)
FN:94,(anonymous_3)
FN:130,(anonymous_4)
FN:150,(anonymous_5)
FN:155,(anonymous_6)
FNF:7
FNH:7
FNDA:3,(anonymous_0)
FNDA:3,(anonymous_1)
FNDA:3,(anonymous_2)
FNDA:4,(anonymous_3)
FNDA:3,(anonymous_4)
FNDA:2,(anonymous_5)
FNDA:3,(anonymous_6)
DA:11,15
DA:14,15
DA:15,3
DA:16,3
DA:17,3
DA:19,3
DA:27,2
DA:29,1
DA:34,15
DA:35,3
DA:36,3
DA:37,3
DA:40,2
DA:41,1
DA:43,1
DA:48,15
DA:52,3
DA:53,3
DA:55,3
DA:56,3
DA:57,2
DA:59,1
DA:63,3
DA:66,3
DA:67,1
DA:70,2
DA:82,1
DA:84,1
DA:85,1
DA:91,15
DA:95,4
DA:96,4
DA:97,4
DA:100,4
DA:101,4
DA:103,3
DA:105,4
DA:106,3
DA:109,3
DA:112,3
DA:113,1
DA:117,2
DA:122,1
DA:124,1
DA:130,15
DA:131,3
DA:132,3
DA:134,3
DA:137,1
DA:139,2
DA:140,1
DA:142,1
DA:147,15
DA:151,2
DA:152,2
DA:154,2
DA:156,3
DA:163,1
DA:165,1
LF:59
LH:59
BRDA:17,0,0,1
BRDA:17,0,1,2
BRDA:40,1,0,1
BRDA:40,1,1,1
BRDA:56,2,0,2
BRDA:56,2,1,1
BRDA:66,3,0,1
BRDA:66,3,1,2
BRDA:101,4,0,1
BRDA:101,4,1,3
BRDA:103,5,0,3
BRDA:103,5,1,3
BRDA:105,6,0,3
BRDA:105,6,1,1
BRDA:112,7,0,1
BRDA:112,7,1,2
BRDA:139,8,0,1
BRDA:139,8,1,1
BRF:18
BRH:18
end_of_record
TN:
SF:src\routes\admin\tags.routes.ts
FN:10,(anonymous_0)
FN:28,(anonymous_1)
FN:57,(anonymous_2)
FN:90,(anonymous_3)
FNF:4
FNH:4
FNDA:2,(anonymous_0)
FNDA:3,(anonymous_1)
FNDA:4,(anonymous_2)
FNDA:3,(anonymous_3)
DA:7,15
DA:10,15
DA:11,2
DA:12,2
DA:18,1
DA:20,1
DA:25,15
DA:29,3
DA:31,3
DA:32,3
DA:34,3
DA:38,3
DA:39,1
DA:42,2
DA:46,1
DA:48,1
DA:54,15
DA:58,4
DA:59,4
DA:60,4
DA:61,4
DA:63,4
DA:70,4
DA:71,1
DA:74,3
DA:79,1
DA:81,2
DA:82,1
DA:84,1
DA:90,15
DA:91,3
DA:92,3
DA:93,3
DA:96,1
DA:98,2
DA:99,1
DA:101,1
LF:37
LH:37
BRDA:38,0,0,1
BRDA:38,0,1,2
BRDA:70,1,0,1
BRDA:70,1,1,3
BRDA:81,2,0,1
BRDA:81,2,1,1
BRDA:98,3,0,1
BRDA:98,3,1,1
BRF:8
BRH:8
end_of_record
TN:
SF:src\routes\admin\topics.routes.ts
FN:14,(anonymous_0)
FN:31,(anonymous_1)
FN:48,(anonymous_2)
FN:89,(anonymous_3)
FN:122,(anonymous_4)
FN:141,(anonymous_5)
FN:147,(anonymous_6)
FNF:7
FNH:7
FNDA:3,(anonymous_0)
FNDA:3,(anonymous_1)
FNDA:3,(anonymous_2)
FNDA:4,(anonymous_3)
FNDA:3,(anonymous_4)
FNDA:2,(anonymous_5)
FNDA:3,(anonymous_6)
DA:11,15
DA:14,15
DA:15,3
DA:16,3
DA:24,2
DA:26,1
DA:31,15
DA:32,3
DA:33,3
DA:34,3
DA:37,2
DA:38,1
DA:40,1
DA:45,15
DA:49,3
DA:50,3
DA:53,3
DA:54,3
DA:55,2
DA:57,1
DA:61,3
DA:62,2
DA:63,1
DA:66,1
DA:77,1
DA:79,1
DA:80,1
DA:86,15
DA:90,4
DA:91,4
DA:92,4
DA:94,4
DA:95,2
DA:98,2
DA:101,2
DA:102,1
DA:106,3
DA:111,1
DA:113,2
DA:114,1
DA:116,1
DA:122,15
DA:123,3
DA:124,3
DA:125,3
DA:128,1
DA:130,2
DA:131,1
DA:133,1
DA:138,15
DA:142,2
DA:143,2
DA:146,2
DA:148,3
DA:155,1
DA:157,1
LF:56
LH:56
BRDA:37,0,0,1
BRDA:37,0,1,1
BRDA:54,1,0,2
BRDA:54,1,1,1
BRDA:62,2,0,1
BRDA:62,2,1,1
BRDA:94,3,0,2
BRDA:94,3,1,2
BRDA:101,4,0,1
BRDA:101,4,1,1
BRDA:113,5,0,1
BRDA:113,5,1,1
BRDA:130,6,0,1
BRDA:130,6,1,1
BRF:14
BRH:14
end_of_record
TN:
SF:src\routes\public\content.routes.ts
FN:7,(anonymous_0)
FN:42,(anonymous_1)
FN:68,(anonymous_2)
FNF:3
FNH:3
FNDA:3,(anonymous_0)
FNDA:2,(anonymous_1)
FNDA:5,(anonymous_2)
DA:4,15
DA:7,15
DA:8,3
DA:9,3
DA:10,3
DA:11,1
DA:16,2
DA:35,1
DA:37,1
DA:42,15
DA:43,2
DA:44,2
DA:61,1
DA:63,1
DA:68,15
DA:69,5
DA:70,5
DA:77,5
DA:86,4
DA:87,1
DA:91,3
DA:92,1
DA:96,2
DA:97,2
DA:99,2
DA:100,1
DA:105,1
DA:112,2
DA:117,1
LF:29
LH:29
BRDA:10,0,0,1
BRDA:10,0,1,2
BRDA:10,1,0,3
BRDA:10,1,1,2
BRDA:86,2,0,1
BRDA:86,2,1,3
BRDA:91,3,0,1
BRDA:91,3,1,2
BRDA:91,4,0,3
BRDA:91,4,1,2
BRDA:91,4,2,1
BRDA:99,5,0,1
BRDA:99,5,1,1
BRF:13
BRH:13
end_of_record
TN:
SF:src\routes\public\courses.routes.ts
FN:7,(anonymous_0)
FN:29,(anonymous_1)
FNF:2
FNH:2
FNDA:2,(anonymous_0)
FNDA:3,(anonymous_1)
DA:4,15
DA:7,15
DA:8,2
DA:9,2
DA:21,1
DA:23,1
DA:24,1
DA:29,15
DA:30,3
DA:31,3
DA:33,3
DA:44,2
DA:45,1
DA:48,1
DA:50,1
LF:15
LH:15
BRDA:44,0,0,1
BRDA:44,0,1,1
BRF:2
BRH:2
end_of_record
TN:
SF:src\routes\public\tags.routes.ts
FN:7,(anonymous_0)
FN:49,(anonymous_1)
FNF:2
FNH:2
FNDA:3,(anonymous_0)
FNDA:2,(anonymous_1)
DA:4,15
DA:7,15
DA:8,3
DA:9,3
DA:11,3
DA:15,2
DA:16,1
DA:19,1
DA:42,1
DA:44,1
DA:49,15
DA:50,2
DA:51,2
DA:61,1
DA:63,1
LF:15
LH:15
BRDA:15,0,0,1
BRDA:15,0,1,1
BRF:2
BRH:2
end_of_record
TN:
SF:src\routes\public\topics.routes.ts
FN:8,(anonymous_0)
FN:55,(anonymous_1)
FNF:2
FNH:2
FNDA:2,(anonymous_0)
FNDA:4,(anonymous_1)
DA:5,15
DA:8,15
DA:9,2
DA:10,2
DA:11,2
DA:12,2
DA:15,2
DA:16,2
DA:18,2
DA:39,1
DA:49,1
DA:50,1
DA:55,15
DA:56,4
DA:58,4
DA:61,4
DA:63,4
DA:103,2
DA:104,1
DA:107,1
DA:109,2
DA:110,1
DA:112,1
DA:113,1
LF:24
LH:24
BRDA:10,0,0,2
BRDA:10,0,1,2
BRDA:11,1,0,2
BRDA:11,1,1,2
BRDA:103,2,0,1
BRDA:103,2,1,1
BRDA:109,3,0,1
BRDA:109,3,1,1
BRDA:109,4,0,2
BRDA:109,4,1,2
BRF:10
BRH:10
end_of_record
TN:
SF:src\schemas\auth.schema.ts
FNF:0
FNH:0
DA:3,15
LF:1
LH:1
BRF:0
BRH:0
end_of_record
TN:
SF:src\schemas\content.schema.ts
FNF:0
FNH:0
DA:3,15
DA:5,15
DA:24,15
DA:43,15
LF:4
LH:4
BRF:0
BRH:0
end_of_record
TN:
SF:src\schemas\course.schema.ts
FNF:0
FNH:0
DA:3,15
DA:15,15
DA:27,15
LF:3
LH:3
BRF:0
BRH:0
end_of_record
TN:
SF:src\schemas\tag.schema.ts
FNF:0
FNH:0
DA:3,15
DA:9,15
LF:2
LH:2
BRF:0
BRH:0
end_of_record
TN:
SF:src\schemas\topic.schema.ts
FNF:0
FNH:0
DA:3,15
DA:14,15
DA:25,15
LF:3
LH:3
BRF:0
BRH:0
end_of_record
TN:
SF:src\scripts\seed.ts
FN:4,seed
FNF:1
FNH:0
FNDA:0,seed
DA:5,0
DA:7,0
DA:8,0
DA:9,0
DA:12,0
DA:16,0
DA:17,0
DA:18,0
DA:22,0
DA:25,0
DA:33,0
DA:34,0
DA:35,0
DA:36,0
DA:37,0
DA:38,0
DA:41,0
DA:42,0
DA:44,0
DA:48,0
LF:20
LH:0
BRDA:8,0,0,0
BRDA:8,0,1,0
BRDA:9,1,0,0
BRDA:9,1,1,0
BRDA:16,2,0,0
BRDA:16,2,1,0
BRF:6
BRH:0
end_of_record
TN:
SF:src\utils\auth.ts
FN:5,(anonymous_0)
FN:28,(anonymous_1)
FN:35,(anonymous_2)
FN:44,(anonymous_3)
FN:50,(anonymous_4)
FNF:5
FNH:5
FNDA:10,(anonymous_0)
FNDA:2,(anonymous_1)
FNDA:3,(anonymous_2)
FNDA:1,(anonymous_3)
FNDA:2,(anonymous_4)
DA:5,10
DA:6,10
DA:8,10
DA:9,7
DA:10,1
DA:15,6
DA:18,6
DA:21,3
DA:25,10
DA:28,10
DA:29,2
DA:35,10
DA:36,3
DA:37,3
DA:39,1
DA:44,10
DA:45,1
DA:46,1
DA:50,10
DA:51,2
DA:52,2
DA:53,0
DA:57,0
DA:59,2
DA:60,2
DA:62,0
DA:66,0
LF:27
LH:23
BRDA:8,0,0,7
BRDA:8,0,1,3
BRDA:9,1,0,1
BRDA:9,1,1,6
BRDA:52,2,0,0
BRDA:52,2,1,2
BRDA:52,3,0,2
BRDA:52,3,1,2
BRDA:63,4,0,0
BRDA:63,4,1,0
BRDA:66,5,0,0
BRDA:66,5,1,0
BRF:12
BRH:7
end_of_record
TN:
SF:src\utils\validation.ts
FN:5,validateSlug
FN:19,validateId
FN:36,validatePageNumber
FN:44,validatePageSize
FN:52,validateSearchQuery
FNF:5
FNH:5
FNDA:9,validateSlug
FNDA:5,validateId
FNDA:6,validatePageNumber
FNDA:5,validatePageSize
FNDA:5,validateSearchQuery
DA:6,9
DA:7,2
DA:10,7
DA:13,7
DA:14,3
DA:16,4
DA:20,5
DA:21,2
DA:24,3
DA:27,3
DA:29,2
DA:30,1
DA:33,2
DA:37,6
DA:38,6
DA:39,4
DA:41,2
DA:45,5
DA:46,5
DA:47,3
DA:49,2
DA:53,5
DA:54,1
DA:56,4
DA:57,4
DA:58,2
DA:60,2
DA:61,1
DA:63,1
LF:29
LH:29
BRDA:6,0,0,2
BRDA:6,0,1,7
BRDA:6,1,0,9
BRDA:6,1,1,9
BRDA:13,2,0,3
BRDA:13,2,1,4
BRDA:20,3,0,2
BRDA:20,3,1,3
BRDA:20,4,0,5
BRDA:20,4,1,5
BRDA:27,5,0,2
BRDA:27,5,1,1
BRDA:29,6,0,1
BRDA:29,6,1,1
BRDA:38,7,0,4
BRDA:38,7,1,2
BRDA:38,8,0,6
BRDA:38,8,1,4
BRDA:44,9,0,5
BRDA:46,10,0,3
BRDA:46,10,1,2
BRDA:46,11,0,5
BRDA:46,11,1,3
BRDA:53,12,0,1
BRDA:53,12,1,4
BRDA:57,13,0,2
BRDA:57,13,1,2
BRDA:60,14,0,1
BRDA:60,14,1,1
BRF:29
BRH:29
end_of_record
